C51 COMPILER V9.51   BTOOTH                                                                09/05/2024 11:58:58 PAGE 1   


C51 COMPILER V9.51, COMPILATION OF MODULE BTOOTH
OBJECT MODULE PLACED IN btooth.OBJ
COMPILER INVOKED BY: D:\Program_Files\my_serial\C51\BIN\C51.EXE btooth.c BROWSE INCDIR(..\inc) DEBUG OBJECTEXTEND TABS(2
                    -)

line level    source

   1          #include "STC15F2K60S2.H"
   2          #include "motor.h"  
*** WARNING C318 IN LINE 2 OF btooth.c: can't open file 'motor.h'
   3          #include "direct.h"
*** WARNING C318 IN LINE 3 OF btooth.c: can't open file 'direct.h'
   4          #include "speed.h"
*** WARNING C318 IN LINE 4 OF btooth.c: can't open file 'speed.h'
   5          
   6          
   7          #include "uart2.h"
   8          #include "uart1.h"
   9          #include "sys.H"                 
  10          #include "Key.h"
  11          #include "displayer.H" 
  12          
  13          
  14          
  15          extern enum direct my_direct;
*** ERROR C230 IN LINE 15 OF btooth.c: 'direct': unknown struct/union/enum tag
  16          unsigned char buffer[1], *match;
  17          unsigned char sign = 15; //'F'
  18          
  19          
  20          void set_speed_and_direct()
  21          {
  22   1        unsigned char inst = buffer[0];
  23   1        
  24   1        if(inst > 0x10) Compare = inst & 0x0f; 
*** ERROR C202 IN LINE 24 OF btooth.c: 'Compare': undefined identifier
  25   1        else my_direct = inst;
  26   1        
  27   1      }
  28          
  29          void init_btooth()
  30          {
  31   1        Uart2Init(9600, Uart2UsedforEXT);
  32   1        SetUart2Rxd(buffer, 1, match, 0);
  33   1        
  34   1        SetEventCallBack(enumEventUart2Rxd, set_speed_and_direct);
  35   1      }

C51 COMPILATION COMPLETE.  3 WARNING(S),  2 ERROR(S)
